<?xml version="1.0" encoding="UTF-8"?><testsuite errors="0" failures="0" name="com.petstore.petstoreinfo.UserCRUDTest" skipped="0" tests="4" time="7.43" timestamp="2023-01-04T01:51:42.709Z[Europe/London]"><testcase classname="com.petstore.petstoreinfo.UserCRUDTest" name="This method will create a user"/><testcase classname="com.petstore.petstoreinfo.UserCRUDTest" name="This method will verify that user is created"/><testcase classname="com.petstore.petstoreinfo.UserCRUDTest" name="This method will update a user and verify that user is created"/><testcase classname="com.petstore.petstoreinfo.UserCRUDTest" name="This method will delete user"/></testsuite>